Gruv New/Gruv/app/build/intermediates/manifest_merge_blame_file/debug/manifest-merger-blame-debug-report.txt
1<?xml version="1.0" encoding="utf-8"?>
2<manifest xmlns:android="http://schemas.android.com/apk/res/android"
3    xmlns:dist="http://schemas.android.com/apk/distribution"
4    package="com.gruv"
5    android:versionCode="1"
6    android:versionName="1.0" >
7
8    <uses-sdk
9        android:minSdkVersion="26"
9-->src\main\AndroidManifest.xml
10        android:targetSdkVersion="28" />
10-->src\main\AndroidManifest.xml
11    <!--
12         The ACCESS_COARSE/FINE_LOCATION permissions are not required to use
13         Google Maps Android API v2, but you must specify either coarse or fine
14         location permissions for the 'MyLocation' functionality.
15    -->
16    <uses-permission android:name="android.permission.ACCESS_FINE_LOCATION" />
16-->src\main\AndroidManifest.xml:11:5-79
16-->src\main\AndroidManifest.xml:11:22-76
17    <uses-permission android:name="android.permission.INTERNET" />
17-->src\main\AndroidManifest.xml:12:5-67
17-->src\main\AndroidManifest.xml:12:22-64
18
19    <dist:module dist:instant="true" />
19-->src\main\AndroidManifest.xml:14:5-40
19-->src\main\AndroidManifest.xml:14:18-37
20
21    <uses-permission android:name="android.permission.ACCESS_NETWORK_STATE" />
21-->[com.firebaseui:firebase-ui-auth:6.0.2] AndroidManifest.xml:12:5-79
21-->[com.firebaseui:firebase-ui-auth:6.0.2] AndroidManifest.xml:12:22-76
22
23    <uses-feature
23-->[com.google.android.gms:play-services-maps:17.0.0] AndroidManifest.xml:26:5-28:35
24        android:glEsVersion="0x00020000"
24-->[com.google.android.gms:play-services-maps:17.0.0] AndroidManifest.xml:27:9-41
25        android:required="true" />
25-->[com.google.android.gms:play-services-maps:17.0.0] AndroidManifest.xml:28:9-32
26
27    <uses-permission android:name="android.permission.WAKE_LOCK" />
27-->[com.google.android.gms:play-services-measurement:17.2.2] AndroidManifest.xml:25:5-68
27-->[com.google.android.gms:play-services-measurement:17.2.2] AndroidManifest.xml:25:22-65
28    <uses-permission android:name="com.google.android.finsky.permission.BIND_GET_INSTALL_REFERRER_SERVICE" /> <!-- Required by older versions of Google Play services to create IID tokens -->
28-->[com.google.android.gms:play-services-measurement:17.2.2] AndroidManifest.xml:26:5-110
28-->[com.google.android.gms:play-services-measurement:17.2.2] AndroidManifest.xml:26:22-107
29    <uses-permission android:name="com.google.android.c2dm.permission.RECEIVE" />
29-->[com.google.firebase:firebase-iid:20.0.2] AndroidManifest.xml:26:5-82
29-->[com.google.firebase:firebase-iid:20.0.2] AndroidManifest.xml:26:22-79
30
31    <application
31-->src\main\AndroidManifest.xml:16:5-95:19
32        android:allowBackup="true"
32-->src\main\AndroidManifest.xml:17:9-35
33        android:appComponentFactory="androidx.core.app.CoreComponentFactory"
33-->[androidx.core:core:1.1.0] AndroidManifest.xml:24:18-86
34        android:debuggable="true"
35        android:icon="@mipmap/ic_launcher"
35-->src\main\AndroidManifest.xml:18:9-43
36        android:label="@string/app_name"
36-->src\main\AndroidManifest.xml:19:9-41
37        android:roundIcon="@mipmap/ic_launcher_round"
37-->src\main\AndroidManifest.xml:20:9-54
38        android:supportsRtl="true"
38-->src\main\AndroidManifest.xml:21:9-35
39        android:testOnly="true"
40        android:theme="@style/AppTheme" >
40-->src\main\AndroidManifest.xml:22:9-40
41        <activity
41-->src\main\AndroidManifest.xml:24:9-28:52
42            android:name="com.gruv.activities.ProfileActivity"
42-->src\main\AndroidManifest.xml:25:13-55
43            android:label="event"
43-->src\main\AndroidManifest.xml:26:13-34
44            android:launchMode="singleTop"
44-->src\main\AndroidManifest.xml:27:13-43
45            android:screenOrientation="portrait" />
45-->src\main\AndroidManifest.xml:28:13-49
46        <activity android:name="com.gruv.activities.GenericIdpActivity" />
46-->src\main\AndroidManifest.xml:29:9-67
46-->src\main\AndroidManifest.xml:29:19-64
47        <activity android:name="com.gruv.activities.BaseActivity" />
47-->src\main\AndroidManifest.xml:30:9-61
47-->src\main\AndroidManifest.xml:30:19-58
48
49        <meta-data
49-->src\main\AndroidManifest.xml:32:9-35:45
50            android:name="com.facebook.sdk.ApplicationId"
50-->src\main\AndroidManifest.xml:33:13-58
51            android:value="@string/facebook_app_id" />
51-->src\main\AndroidManifest.xml:34:13-52
52
53        <activity
53-->src\main\AndroidManifest.xml:37:9-40:48
54            android:name="com.gruv.activities.FacebookLoginActivity"
54-->src\main\AndroidManifest.xml:38:13-61
55            android:configChanges="keyboard|keyboardHidden|screenLayout|screenSize|orientation"
55-->src\main\AndroidManifest.xml:39:13-96
56            android:label="@string/app_name" />
56-->src\main\AndroidManifest.xml:40:13-45
57        <activity
57-->src\main\AndroidManifest.xml:41:9-52:20
58            android:name="com.facebook.CustomTabActivity"
58-->src\main\AndroidManifest.xml:42:13-58
59            android:exported="true" >
59-->src\main\AndroidManifest.xml:43:13-36
60            <intent-filter>
60-->src\main\AndroidManifest.xml:44:13-51:29
61                <action android:name="android.intent.action.VIEW" />
61-->src\main\AndroidManifest.xml:45:17-69
61-->src\main\AndroidManifest.xml:45:25-66
62
63                <category android:name="android.intent.category.DEFAULT" />
63-->src\main\AndroidManifest.xml:47:17-76
63-->src\main\AndroidManifest.xml:47:27-73
64                <category android:name="android.intent.category.BROWSABLE" />
64-->src\main\AndroidManifest.xml:48:17-78
64-->src\main\AndroidManifest.xml:48:27-75
65
66                <data android:scheme="@string/fb_login_protocol_scheme" />
66-->src\main\AndroidManifest.xml:50:17-75
66-->src\main\AndroidManifest.xml:50:23-72
67            </intent-filter>
68            <intent-filter>
68-->[com.firebaseui:firebase-ui-auth:6.0.2] AndroidManifest.xml:92:13-99:29
69                <action android:name="android.intent.action.VIEW" />
69-->src\main\AndroidManifest.xml:45:17-69
69-->src\main\AndroidManifest.xml:45:25-66
70
71                <category android:name="android.intent.category.DEFAULT" />
71-->src\main\AndroidManifest.xml:47:17-76
71-->src\main\AndroidManifest.xml:47:27-73
72                <category android:name="android.intent.category.BROWSABLE" />
72-->src\main\AndroidManifest.xml:48:17-78
72-->src\main\AndroidManifest.xml:48:27-75
73
74                <data android:scheme="@string/facebook_login_protocol_scheme" />
74-->src\main\AndroidManifest.xml:50:17-75
74-->src\main\AndroidManifest.xml:50:23-72
75            </intent-filter>
76            <intent-filter>
76-->[com.facebook.android:facebook-common:5.15.3] AndroidManifest.xml:39:13-48:29
77                <action android:name="android.intent.action.VIEW" />
77-->src\main\AndroidManifest.xml:45:17-69
77-->src\main\AndroidManifest.xml:45:25-66
78
79                <category android:name="android.intent.category.DEFAULT" />
79-->src\main\AndroidManifest.xml:47:17-76
79-->src\main\AndroidManifest.xml:47:27-73
80                <category android:name="android.intent.category.BROWSABLE" />
80-->src\main\AndroidManifest.xml:48:17-78
80-->src\main\AndroidManifest.xml:48:27-75
81
82                <data
82-->src\main\AndroidManifest.xml:50:17-75
83                    android:host="cct.com.gruv"
84                    android:scheme="fbconnect" />
84-->src\main\AndroidManifest.xml:50:23-72
85            </intent-filter>
86        </activity>
87        <!-- <activity android:name=".FacebookLoginActivity" /> -->
88        <!--
89             The API key for Google Maps-based APIs is defined as a string resource.
90             (See the file "res/values/google_maps_api.xml").
91             Note that the API key is linked to the encryption key used to sign the APK.
92             You need a different API key for each encryption key, including the release key that is used to
93             sign the APK for publishing.
94             You can define the keys for the debug and release targets in src/debug/ and src/release/.
95        -->
96        <meta-data
96-->src\main\AndroidManifest.xml:62:9-64:55
97            android:name="com.google.android.geo.API_KEY"
97-->src\main\AndroidManifest.xml:63:13-58
98            android:value="@string/google_maps_key" />
98-->src\main\AndroidManifest.xml:64:13-52
99
100        <activity
100-->src\main\AndroidManifest.xml:66:9-68:59
101            android:name="com.gruv.activities.MapsActivity"
101-->src\main\AndroidManifest.xml:67:13-52
102            android:label="@string/title_activity_maps" />
102-->src\main\AndroidManifest.xml:68:13-56
103        <activity
103-->src\main\AndroidManifest.xml:69:9-79:20
104            android:name="com.gruv.activities.MainActivity"
104-->src\main\AndroidManifest.xml:70:13-52
105            android:label="@string/app_name"
105-->src\main\AndroidManifest.xml:71:13-45
106            android:launchMode="singleTop"
106-->src\main\AndroidManifest.xml:72:13-43
107            android:screenOrientation="portrait" >
107-->src\main\AndroidManifest.xml:73:13-49
108            <intent-filter>
108-->src\main\AndroidManifest.xml:74:13-78:29
109                <action android:name="android.intent.action.MAIN" />
109-->src\main\AndroidManifest.xml:75:17-69
109-->src\main\AndroidManifest.xml:75:25-66
110
111                <category android:name="android.intent.category.LAUNCHER" />
111-->src\main\AndroidManifest.xml:77:17-77
111-->src\main\AndroidManifest.xml:77:27-74
112            </intent-filter>
113        </activity>
114        <activity
114-->src\main\AndroidManifest.xml:80:9-84:52
115            android:name="com.gruv.activities.LandingActivity"
115-->src\main\AndroidManifest.xml:81:13-55
116            android:label="@string/app_name"
116-->src\main\AndroidManifest.xml:82:13-45
117            android:launchMode="singleTop"
117-->src\main\AndroidManifest.xml:83:13-43
118            android:screenOrientation="portrait" />
118-->src\main\AndroidManifest.xml:84:13-49
119        <activity
119-->src\main\AndroidManifest.xml:85:9-89:52
120            android:name="com.gruv.activities.ChatActivity"
120-->src\main\AndroidManifest.xml:86:13-52
121            android:label="messages"
121-->src\main\AndroidManifest.xml:87:13-37
122            android:launchMode="singleTop"
122-->src\main\AndroidManifest.xml:88:13-43
123            android:screenOrientation="portrait" />
123-->src\main\AndroidManifest.xml:89:13-49
124        <activity
124-->src\main\AndroidManifest.xml:90:9-94:52
125            android:name="com.gruv.activities.PostActivity"
125-->src\main\AndroidManifest.xml:91:13-52
126            android:label="event"
126-->src\main\AndroidManifest.xml:92:13-34
127            android:launchMode="singleTop"
127-->src\main\AndroidManifest.xml:93:13-43
128            android:screenOrientation="portrait" />
128-->src\main\AndroidManifest.xml:94:13-49
129
130        <meta-data
130-->[com.firebaseui:firebase-ui-auth:6.0.2] AndroidManifest.xml:16:9-18:69
131            android:name="com.google.android.gms.version"
131-->[com.firebaseui:firebase-ui-auth:6.0.2] AndroidManifest.xml:17:13-58
132            android:value="@integer/google_play_services_version" />
132-->[com.firebaseui:firebase-ui-auth:6.0.2] AndroidManifest.xml:18:13-66
133
134        <activity
134-->[com.firebaseui:firebase-ui-auth:6.0.2] AndroidManifest.xml:23:9-27:61
135            android:name="com.firebase.ui.auth.KickoffActivity"
135-->[com.firebaseui:firebase-ui-auth:6.0.2] AndroidManifest.xml:24:13-64
136            android:exported="false"
136-->[com.firebaseui:firebase-ui-auth:6.0.2] AndroidManifest.xml:25:13-37
137            android:label=""
137-->[com.firebaseui:firebase-ui-auth:6.0.2] AndroidManifest.xml:26:13-29
138            android:theme="@style/FirebaseUI.Transparent" />
138-->[com.firebaseui:firebase-ui-auth:6.0.2] AndroidManifest.xml:27:13-58
139        <activity
139-->[com.firebaseui:firebase-ui-auth:6.0.2] AndroidManifest.xml:28:9-32:61
140            android:name="com.firebase.ui.auth.ui.idp.SingleSignInActivity"
140-->[com.firebaseui:firebase-ui-auth:6.0.2] AndroidManifest.xml:29:13-76
141            android:exported="false"
141-->[com.firebaseui:firebase-ui-auth:6.0.2] AndroidManifest.xml:30:13-37
142            android:label=""
142-->[com.firebaseui:firebase-ui-auth:6.0.2] AndroidManifest.xml:31:13-29
143            android:theme="@style/FirebaseUI.Transparent" />
143-->[com.firebaseui:firebase-ui-auth:6.0.2] AndroidManifest.xml:32:13-58
144        <activity
144-->[com.firebaseui:firebase-ui-auth:6.0.2] AndroidManifest.xml:33:9-37:61
145            android:name="com.firebase.ui.auth.ui.credentials.CredentialSaveActivity"
145-->[com.firebaseui:firebase-ui-auth:6.0.2] AndroidManifest.xml:34:13-86
146            android:exported="false"
146-->[com.firebaseui:firebase-ui-auth:6.0.2] AndroidManifest.xml:35:13-37
147            android:label=""
147-->[com.firebaseui:firebase-ui-auth:6.0.2] AndroidManifest.xml:36:13-29
148            android:theme="@style/FirebaseUI.Transparent" />
148-->[com.firebaseui:firebase-ui-auth:6.0.2] AndroidManifest.xml:37:13-58
149        <activity
149-->[com.firebaseui:firebase-ui-auth:6.0.2] AndroidManifest.xml:38:9-42:58
150            android:name="com.firebase.ui.auth.ui.email.RecoverPasswordActivity"
150-->[com.firebaseui:firebase-ui-auth:6.0.2] AndroidManifest.xml:39:13-81
151            android:exported="false"
151-->[com.firebaseui:firebase-ui-auth:6.0.2] AndroidManifest.xml:40:13-37
152            android:label="@string/fui_title_recover_password_activity"
152-->[com.firebaseui:firebase-ui-auth:6.0.2] AndroidManifest.xml:41:13-72
153            android:windowSoftInputMode="adjustResize" />
153-->[com.firebaseui:firebase-ui-auth:6.0.2] AndroidManifest.xml:42:13-55
154        <activity
154-->[com.firebaseui:firebase-ui-auth:6.0.2] AndroidManifest.xml:43:9-47:58
155            android:name="com.firebase.ui.auth.ui.email.EmailActivity"
155-->[com.firebaseui:firebase-ui-auth:6.0.2] AndroidManifest.xml:44:13-71
156            android:exported="false"
156-->[com.firebaseui:firebase-ui-auth:6.0.2] AndroidManifest.xml:45:13-37
157            android:label="@string/fui_sign_in_default"
157-->[com.firebaseui:firebase-ui-auth:6.0.2] AndroidManifest.xml:46:13-56
158            android:windowSoftInputMode="adjustResize" />
158-->[com.firebaseui:firebase-ui-auth:6.0.2] AndroidManifest.xml:47:13-55
159        <activity
159-->[com.firebaseui:firebase-ui-auth:6.0.2] AndroidManifest.xml:48:9-52:77
160            android:name="com.firebase.ui.auth.ui.phone.PhoneActivity"
160-->[com.firebaseui:firebase-ui-auth:6.0.2] AndroidManifest.xml:49:13-71
161            android:exported="false"
161-->[com.firebaseui:firebase-ui-auth:6.0.2] AndroidManifest.xml:50:13-37
162            android:label="@string/fui_sign_in_with_phone_number"
162-->[com.firebaseui:firebase-ui-auth:6.0.2] AndroidManifest.xml:51:13-66
163            android:windowSoftInputMode="adjustResize|stateAlwaysVisible" />
163-->[com.firebaseui:firebase-ui-auth:6.0.2] AndroidManifest.xml:52:13-74
164        <activity
164-->[com.firebaseui:firebase-ui-auth:6.0.2] AndroidManifest.xml:53:9-57:58
165            android:name="com.firebase.ui.auth.ui.idp.WelcomeBackIdpPrompt"
165-->[com.firebaseui:firebase-ui-auth:6.0.2] AndroidManifest.xml:54:13-76
166            android:exported="false"
166-->[com.firebaseui:firebase-ui-auth:6.0.2] AndroidManifest.xml:55:13-37
167            android:label="@string/fui_title_welcome_back_idp_prompt"
167-->[com.firebaseui:firebase-ui-auth:6.0.2] AndroidManifest.xml:56:13-70
168            android:windowSoftInputMode="adjustResize" />
168-->[com.firebaseui:firebase-ui-auth:6.0.2] AndroidManifest.xml:57:13-55
169        <activity
169-->[com.firebaseui:firebase-ui-auth:6.0.2] AndroidManifest.xml:58:9-62:58
170            android:name="com.firebase.ui.auth.ui.email.WelcomeBackPasswordPrompt"
170-->[com.firebaseui:firebase-ui-auth:6.0.2] AndroidManifest.xml:59:13-83
171            android:exported="false"
171-->[com.firebaseui:firebase-ui-auth:6.0.2] AndroidManifest.xml:60:13-37
172            android:label="@string/fui_title_welcome_back_password_prompt"
172-->[com.firebaseui:firebase-ui-auth:6.0.2] AndroidManifest.xml:61:13-75
173            android:windowSoftInputMode="adjustResize" />
173-->[com.firebaseui:firebase-ui-auth:6.0.2] AndroidManifest.xml:62:13-55
174        <activity
174-->[com.firebaseui:firebase-ui-auth:6.0.2] AndroidManifest.xml:63:9-67:58
175            android:name="com.firebase.ui.auth.ui.email.WelcomeBackEmailLinkPrompt"
175-->[com.firebaseui:firebase-ui-auth:6.0.2] AndroidManifest.xml:64:13-84
176            android:exported="false"
176-->[com.firebaseui:firebase-ui-auth:6.0.2] AndroidManifest.xml:65:13-37
177            android:label="@string/fui_title_welcome_back_password_prompt"
177-->[com.firebaseui:firebase-ui-auth:6.0.2] AndroidManifest.xml:66:13-75
178            android:windowSoftInputMode="adjustResize" />
178-->[com.firebaseui:firebase-ui-auth:6.0.2] AndroidManifest.xml:67:13-55
179        <activity
179-->[com.firebaseui:firebase-ui-auth:6.0.2] AndroidManifest.xml:68:9-73:58
180            android:name="com.firebase.ui.auth.ui.email.EmailLinkCatcherActivity"
180-->[com.firebaseui:firebase-ui-auth:6.0.2] AndroidManifest.xml:69:13-82
181            android:exported="false"
181-->[com.firebaseui:firebase-ui-auth:6.0.2] AndroidManifest.xml:70:13-37
182            android:label=""
182-->[com.firebaseui:firebase-ui-auth:6.0.2] AndroidManifest.xml:71:13-29
183            android:theme="@style/FirebaseUI.Transparent"
183-->[com.firebaseui:firebase-ui-auth:6.0.2] AndroidManifest.xml:72:13-58
184            android:windowSoftInputMode="adjustResize" />
184-->[com.firebaseui:firebase-ui-auth:6.0.2] AndroidManifest.xml:73:13-55
185        <activity
185-->[com.firebaseui:firebase-ui-auth:6.0.2] AndroidManifest.xml:74:9-78:58
186            android:name="com.firebase.ui.auth.ui.email.EmailLinkErrorRecoveryActivity"
186-->[com.firebaseui:firebase-ui-auth:6.0.2] AndroidManifest.xml:75:13-88
187            android:exported="false"
187-->[com.firebaseui:firebase-ui-auth:6.0.2] AndroidManifest.xml:76:13-37
188            android:label="@string/fui_sign_in_default"
188-->[com.firebaseui:firebase-ui-auth:6.0.2] AndroidManifest.xml:77:13-56
189            android:windowSoftInputMode="adjustResize" />
189-->[com.firebaseui:firebase-ui-auth:6.0.2] AndroidManifest.xml:78:13-55
190        <activity
190-->[com.firebaseui:firebase-ui-auth:6.0.2] AndroidManifest.xml:79:9-82:65
191            android:name="com.firebase.ui.auth.ui.idp.AuthMethodPickerActivity"
191-->[com.firebaseui:firebase-ui-auth:6.0.2] AndroidManifest.xml:80:13-80
192            android:exported="false"
192-->[com.firebaseui:firebase-ui-auth:6.0.2] AndroidManifest.xml:81:13-37
193            android:label="@string/fui_default_toolbar_title" />
193-->[com.firebaseui:firebase-ui-auth:6.0.2] AndroidManifest.xml:82:13-62
194        <activity
194-->[com.firebaseui:firebase-ui-auth:6.0.2] AndroidManifest.xml:83:9-87:48
195            android:name="com.facebook.FacebookActivity"
195-->[com.firebaseui:firebase-ui-auth:6.0.2] AndroidManifest.xml:84:13-57
196            android:configChanges="keyboard|keyboardHidden|screenLayout|screenSize|orientation"
196-->[com.firebaseui:firebase-ui-auth:6.0.2] AndroidManifest.xml:85:13-96
197            android:label="@string/app_name"
197-->[com.firebaseui:firebase-ui-auth:6.0.2] AndroidManifest.xml:86:13-45
198            android:theme="@style/com_facebook_activity_theme" />
198-->[com.facebook.android:facebook-common:5.15.3] AndroidManifest.xml:33:13-63
199
200        <provider
200-->[com.firebaseui:firebase-ui-auth:6.0.2] AndroidManifest.xml:102:9-106:38
201            android:name="com.firebase.ui.auth.data.client.AuthUiInitProvider"
201-->[com.firebaseui:firebase-ui-auth:6.0.2] AndroidManifest.xml:103:13-79
202            android:authorities="com.gruv.authuiinitprovider"
202-->[com.firebaseui:firebase-ui-auth:6.0.2] AndroidManifest.xml:104:13-70
203            android:exported="false"
203-->[com.firebaseui:firebase-ui-auth:6.0.2] AndroidManifest.xml:105:13-37
204            android:initOrder="90" />
204-->[com.firebaseui:firebase-ui-auth:6.0.2] AndroidManifest.xml:106:13-35
205
206        <activity android:name="com.facebook.CustomTabMainActivity" />
206-->[com.facebook.android:facebook-common:5.15.3] AndroidManifest.xml:34:9-71
206-->[com.facebook.android:facebook-common:5.15.3] AndroidManifest.xml:34:19-68
207        <activity
207-->[com.twitter.sdk.android:tweet-ui:3.3.0] AndroidManifest.xml:28:9-31:49
208            android:name="com.twitter.sdk.android.tweetui.PlayerActivity"
208-->[com.twitter.sdk.android:tweet-ui:3.3.0] AndroidManifest.xml:29:13-74
209            android:configChanges="keyboardHidden|orientation|screenSize"
209-->[com.twitter.sdk.android:tweet-ui:3.3.0] AndroidManifest.xml:30:13-74
210            android:theme="@style/MediaTheme" />
210-->[com.twitter.sdk.android:tweet-ui:3.3.0] AndroidManifest.xml:31:13-46
211        <activity
211-->[com.twitter.sdk.android:tweet-ui:3.3.0] AndroidManifest.xml:32:9-34:49
212            android:name="com.twitter.sdk.android.tweetui.GalleryActivity"
212-->[com.twitter.sdk.android:tweet-ui:3.3.0] AndroidManifest.xml:33:13-75
213            android:theme="@style/MediaTheme" /> <!-- Needs to be explicitly declared on P+ -->
213-->[com.twitter.sdk.android:tweet-ui:3.3.0] AndroidManifest.xml:34:13-46
214        <uses-library
214-->[com.google.android.gms:play-services-maps:17.0.0] AndroidManifest.xml:33:9-35:40
215            android:name="org.apache.http.legacy"
215-->[com.google.android.gms:play-services-maps:17.0.0] AndroidManifest.xml:34:13-50
216            android:required="false" />
216-->[com.google.android.gms:play-services-maps:17.0.0] AndroidManifest.xml:35:13-37
217
218        <activity
218-->[com.google.firebase:firebase-auth:19.2.0] AndroidManifest.xml:24:9-31:50
219            android:name="com.google.firebase.auth.internal.FederatedSignInActivity"
219-->[com.google.firebase:firebase-auth:19.2.0] AndroidManifest.xml:25:13-85
220            android:excludeFromRecents="true"
220-->[com.google.firebase:firebase-auth:19.2.0] AndroidManifest.xml:26:13-46
221            android:exported="true"
221-->[com.google.firebase:firebase-auth:19.2.0] AndroidManifest.xml:27:13-36
222            android:launchMode="singleTask"
222-->[com.google.firebase:firebase-auth:19.2.0] AndroidManifest.xml:28:13-44
223            android:permission="com.google.firebase.auth.api.gms.permission.LAUNCH_FEDERATED_SIGN_IN"
223-->[com.google.firebase:firebase-auth:19.2.0] AndroidManifest.xml:29:13-102
224            android:theme="@android:style/Theme.Translucent.NoTitleBar" />
224-->[com.google.firebase:firebase-auth:19.2.0] AndroidManifest.xml:30:13-72
225
226        <service
226-->[com.google.firebase:firebase-auth:19.2.0] AndroidManifest.xml:33:9-39:19
227            android:name="com.google.firebase.components.ComponentDiscoveryService"
227-->[com.google.firebase:firebase-auth:19.2.0] AndroidManifest.xml:34:13-84
228            android:directBootAware="true"
228-->[com.google.firebase:firebase-common:19.3.0] AndroidManifest.xml:34:13-43
229            android:exported="false" >
229-->[com.google.firebase:firebase-auth:19.2.0] AndroidManifest.xml:35:13-37
230            <meta-data
230-->[com.google.firebase:firebase-auth:19.2.0] AndroidManifest.xml:36:13-38:85
231                android:name="com.google.firebase.components:com.google.firebase.auth.FirebaseAuthRegistrar"
231-->[com.google.firebase:firebase-auth:19.2.0] AndroidManifest.xml:37:17-109
232                android:value="com.google.firebase.components.ComponentRegistrar" />
232-->[com.google.firebase:firebase-auth:19.2.0] AndroidManifest.xml:38:17-82
233            <meta-data
233-->[com.google.firebase:firebase-storage:19.1.0] AndroidManifest.xml:33:13-35:85
234                android:name="com.google.firebase.components:com.google.firebase.storage.StorageRegistrar"
234-->[com.google.firebase:firebase-storage:19.1.0] AndroidManifest.xml:34:17-107
235                android:value="com.google.firebase.components.ComponentRegistrar" />
235-->[com.google.firebase:firebase-storage:19.1.0] AndroidManifest.xml:35:17-82
236            <meta-data
236-->[com.google.firebase:firebase-database:19.2.1] AndroidManifest.xml:32:13-34:85
237                android:name="com.google.firebase.components:com.google.firebase.database.DatabaseRegistrar"
237-->[com.google.firebase:firebase-database:19.2.1] AndroidManifest.xml:33:17-109
238                android:value="com.google.firebase.components.ComponentRegistrar" />
238-->[com.google.firebase:firebase-database:19.2.1] AndroidManifest.xml:34:17-82
239            <meta-data
239-->[com.google.android.gms:play-services-measurement-api:17.2.2] AndroidManifest.xml:30:13-32:85
240                android:name="com.google.firebase.components:com.google.firebase.analytics.connector.internal.AnalyticsConnectorRegistrar"
240-->[com.google.android.gms:play-services-measurement-api:17.2.2] AndroidManifest.xml:31:17-139
241                android:value="com.google.firebase.components.ComponentRegistrar" />
241-->[com.google.android.gms:play-services-measurement-api:17.2.2] AndroidManifest.xml:32:17-82
242            <meta-data
242-->[com.google.firebase:firebase-iid:20.0.2] AndroidManifest.xml:32:13-34:85
243                android:name="com.google.firebase.components:com.google.firebase.iid.Registrar"
243-->[com.google.firebase:firebase-iid:20.0.2] AndroidManifest.xml:33:17-96
244                android:value="com.google.firebase.components.ComponentRegistrar" />
244-->[com.google.firebase:firebase-iid:20.0.2] AndroidManifest.xml:34:17-82
245        </service>
246
247        <activity
247-->[com.google.android.gms:play-services-auth:17.0.0] AndroidManifest.xml:23:9-27:75
248            android:name="com.google.android.gms.auth.api.signin.internal.SignInHubActivity"
248-->[com.google.android.gms:play-services-auth:17.0.0] AndroidManifest.xml:24:13-93
249            android:excludeFromRecents="true"
249-->[com.google.android.gms:play-services-auth:17.0.0] AndroidManifest.xml:25:13-46
250            android:exported="false"
250-->[com.google.android.gms:play-services-auth:17.0.0] AndroidManifest.xml:26:13-37
251            android:theme="@android:style/Theme.Translucent.NoTitleBar" />
251-->[com.google.android.gms:play-services-auth:17.0.0] AndroidManifest.xml:27:13-72
252        <!--
253            Service handling Google Sign-In user revocation. For apps that do not integrate with
254            Google Sign-In, this service will never be started.
255        -->
256        <service
256-->[com.google.android.gms:play-services-auth:17.0.0] AndroidManifest.xml:33:9-36:110
257            android:name="com.google.android.gms.auth.api.signin.RevocationBoundService"
257-->[com.google.android.gms:play-services-auth:17.0.0] AndroidManifest.xml:34:13-89
258            android:exported="true"
258-->[com.google.android.gms:play-services-auth:17.0.0] AndroidManifest.xml:35:13-36
259            android:permission="com.google.android.gms.auth.api.signin.permission.REVOCATION_NOTIFICATION" />
259-->[com.google.android.gms:play-services-auth:17.0.0] AndroidManifest.xml:36:13-107
260
261        <activity
261-->[com.twitter.sdk.android:tweet-composer:3.3.0] AndroidManifest.xml:28:9-31:71
262            android:name="com.twitter.sdk.android.tweetcomposer.ComposerActivity"
262-->[com.twitter.sdk.android:tweet-composer:3.3.0] AndroidManifest.xml:29:13-82
263            android:exported="false"
263-->[com.twitter.sdk.android:tweet-composer:3.3.0] AndroidManifest.xml:30:13-37
264            android:windowSoftInputMode="adjustResize|stateVisible" />
264-->[com.twitter.sdk.android:tweet-composer:3.3.0] AndroidManifest.xml:31:13-68
265
266        <service
266-->[com.twitter.sdk.android:tweet-composer:3.3.0] AndroidManifest.xml:33:9-36:40
267            android:name="com.twitter.sdk.android.tweetcomposer.TweetUploadService"
267-->[com.twitter.sdk.android:tweet-composer:3.3.0] AndroidManifest.xml:34:13-84
268            android:enabled="true"
268-->[com.twitter.sdk.android:tweet-composer:3.3.0] AndroidManifest.xml:35:13-35
269            android:exported="false" />
269-->[com.twitter.sdk.android:tweet-composer:3.3.0] AndroidManifest.xml:36:13-37
270
271        <activity
271-->[com.twitter.sdk.android:twitter-core:3.3.0] AndroidManifest.xml:28:9-32:40
272            android:name="com.twitter.sdk.android.core.identity.OAuthActivity"
272-->[com.twitter.sdk.android:twitter-core:3.3.0] AndroidManifest.xml:29:13-79
273            android:configChanges="orientation|screenSize"
273-->[com.twitter.sdk.android:twitter-core:3.3.0] AndroidManifest.xml:30:13-59
274            android:excludeFromRecents="true"
274-->[com.twitter.sdk.android:twitter-core:3.3.0] AndroidManifest.xml:31:13-46
275            android:exported="false" />
275-->[com.twitter.sdk.android:twitter-core:3.3.0] AndroidManifest.xml:32:13-37
276
277        <receiver
277-->[com.google.android.gms:play-services-measurement:17.2.2] AndroidManifest.xml:29:9-33:20
278            android:name="com.google.android.gms.measurement.AppMeasurementReceiver"
278-->[com.google.android.gms:play-services-measurement:17.2.2] AndroidManifest.xml:30:13-85
279            android:enabled="true"
279-->[com.google.android.gms:play-services-measurement:17.2.2] AndroidManifest.xml:31:13-35
280            android:exported="false" >
280-->[com.google.android.gms:play-services-measurement:17.2.2] AndroidManifest.xml:32:13-37
281        </receiver>
282        <receiver
282-->[com.google.android.gms:play-services-measurement:17.2.2] AndroidManifest.xml:34:9-42:20
283            android:name="com.google.android.gms.measurement.AppMeasurementInstallReferrerReceiver"
283-->[com.google.android.gms:play-services-measurement:17.2.2] AndroidManifest.xml:35:13-100